<?xml version="1.0" encoding="utf-8"?><testsuites name="pytest tests"><testsuite name="pytest" errors="0" failures="1" skipped="0" tests="11" time="0.849" timestamp="2026-01-11T20:06:49.274127+00:00" hostname="agent-env-3c53ff94-d516-4b57-8d84-e087db025b04"><testcase classname="tests.test_coupon_notification.TestCouponValidation" name="test_valid_coupon_willkommen10" time="0.057" /><testcase classname="tests.test_coupon_notification.TestCouponValidation" name="test_valid_coupon_lowercase" time="0.043" /><testcase classname="tests.test_coupon_notification.TestCouponValidation" name="test_invalid_coupon_code" time="0.042" /><testcase classname="tests.test_coupon_notification.TestCouponValidation" name="test_coupon_discount_calculation" time="0.035" /><testcase classname="tests.test_coupon_notification.TestCouponValidation" name="test_coupon_with_zero_subtotal" time="0.035" /><testcase classname="tests.test_coupon_notification.TestCouponAdminEndpoints" name="test_get_all_coupons" time="0.291" /><testcase classname="tests.test_coupon_notification.TestCouponAdminEndpoints" name="test_get_coupons_unauthorized" time="0.073" /><testcase classname="tests.test_coupon_notification.TestNotificationServiceImport" name="test_health_endpoint" time="0.033"><failure message="assert 404 == 200&#10; +  where 404 = &lt;Response [404]&gt;.status_code">tests/test_coupon_notification.py:124: in test_health_endpoint
    assert response.status_code == 200
E   assert 404 == 200
E    +  where 404 = &lt;Response [404]&gt;.status_code</failure></testcase><testcase classname="tests.test_coupon_notification.TestNotificationServiceImport" name="test_products_endpoint" time="0.038" /><testcase classname="tests.test_coupon_notification.TestShippingRates" name="test_get_shipping_rates" time="0.034" /><testcase classname="tests.test_coupon_notification.TestCartIntegration" name="test_products_available_for_cart" time="0.039" /></testsuite></testsuites>